{"/Users/garrettiannuzzi/palette-picker/app.js": {"path":"/Users/garrettiannuzzi/palette-picker/app.js","statementMap":{"0":{"start":{"line":1,"column":16},"end":{"line":1,"column":34}},"1":{"start":{"line":2,"column":12},"end":{"line":2,"column":21}},"2":{"start":{"line":4,"column":20},"end":{"line":4,"column":57}},"3":{"start":{"line":5,"column":22},"end":{"line":5,"column":56}},"4":{"start":{"line":6,"column":17},"end":{"line":6,"column":47}},"5":{"start":{"line":8,"column":0},"end":{"line":8,"column":36}},"6":{"start":{"line":9,"column":0},"end":{"line":9,"column":24}},"7":{"start":{"line":11,"column":0},"end":{"line":13,"column":3}},"8":{"start":{"line":12,"column":2},"end":{"line":12,"column":42}},"9":{"start":{"line":15,"column":0},"end":{"line":22,"column":3}},"10":{"start":{"line":16,"column":2},"end":{"line":21,"column":3}},"11":{"start":{"line":17,"column":21},"end":{"line":17,"column":56}},"12":{"start":{"line":18,"column":4},"end":{"line":18,"column":47}},"13":{"start":{"line":20,"column":4},"end":{"line":20,"column":48}},"14":{"start":{"line":24,"column":0},"end":{"line":40,"column":3}},"15":{"start":{"line":25,"column":17},"end":{"line":25,"column":31}},"16":{"start":{"line":27,"column":2},"end":{"line":29,"column":3}},"17":{"start":{"line":28,"column":4},"end":{"line":28,"column":100}},"18":{"start":{"line":31,"column":2},"end":{"line":39,"column":3}},"19":{"start":{"line":32,"column":20},"end":{"line":32,"column":71}},"20":{"start":{"line":33,"column":4},"end":{"line":35,"column":5}},"21":{"start":{"line":34,"column":6},"end":{"line":34,"column":85}},"22":{"start":{"line":36,"column":4},"end":{"line":36,"column":46}},"23":{"start":{"line":38,"column":4},"end":{"line":38,"column":48}},"24":{"start":{"line":42,"column":0},"end":{"line":69,"column":3}},"25":{"start":{"line":43,"column":17},"end":{"line":43,"column":31}},"26":{"start":{"line":45,"column":2},"end":{"line":47,"column":3}},"27":{"start":{"line":46,"column":4},"end":{"line":46,"column":100}},"28":{"start":{"line":49,"column":2},"end":{"line":68,"column":3}},"29":{"start":{"line":50,"column":21},"end":{"line":50,"column":80}},"30":{"start":{"line":51,"column":4},"end":{"line":53,"column":5}},"31":{"start":{"line":52,"column":6},"end":{"line":52,"column":105}},"32":{"start":{"line":54,"column":24},"end":{"line":64,"column":6}},"33":{"start":{"line":55,"column":26},"end":{"line":55,"column":46}},"34":{"start":{"line":56,"column":6},"end":{"line":63,"column":24}},"35":{"start":{"line":57,"column":8},"end":{"line":61,"column":9}},"36":{"start":{"line":58,"column":10},"end":{"line":58,"column":40}},"37":{"start":{"line":60,"column":10},"end":{"line":60,"column":34}},"38":{"start":{"line":62,"column":8},"end":{"line":62,"column":19}},"39":{"start":{"line":65,"column":4},"end":{"line":65,"column":50}},"40":{"start":{"line":67,"column":4},"end":{"line":67,"column":48}},"41":{"start":{"line":71,"column":0},"end":{"line":98,"column":3}},"42":{"start":{"line":72,"column":17},"end":{"line":72,"column":31}},"43":{"start":{"line":74,"column":2},"end":{"line":76,"column":3}},"44":{"start":{"line":75,"column":4},"end":{"line":75,"column":99}},"45":{"start":{"line":78,"column":2},"end":{"line":97,"column":3}},"46":{"start":{"line":79,"column":20},"end":{"line":79,"column":71}},"47":{"start":{"line":80,"column":4},"end":{"line":82,"column":5}},"48":{"start":{"line":81,"column":6},"end":{"line":81,"column":85}},"49":{"start":{"line":83,"column":23},"end":{"line":93,"column":6}},"50":{"start":{"line":84,"column":26},"end":{"line":84,"column":46}},"51":{"start":{"line":85,"column":6},"end":{"line":92,"column":24}},"52":{"start":{"line":86,"column":8},"end":{"line":90,"column":9}},"53":{"start":{"line":87,"column":10},"end":{"line":87,"column":40}},"54":{"start":{"line":89,"column":10},"end":{"line":89,"column":34}},"55":{"start":{"line":91,"column":8},"end":{"line":91,"column":19}},"56":{"start":{"line":94,"column":4},"end":{"line":94,"column":49}},"57":{"start":{"line":96,"column":4},"end":{"line":96,"column":48}},"58":{"start":{"line":100,"column":0},"end":{"line":115,"column":3}},"59":{"start":{"line":101,"column":18},"end":{"line":101,"column":30}},"60":{"start":{"line":103,"column":2},"end":{"line":107,"column":3}},"61":{"start":{"line":104,"column":4},"end":{"line":106,"column":5}},"62":{"start":{"line":105,"column":6},"end":{"line":105,"column":132}},"63":{"start":{"line":109,"column":2},"end":{"line":114,"column":3}},"64":{"start":{"line":110,"column":15},"end":{"line":110,"column":63}},"65":{"start":{"line":111,"column":4},"end":{"line":111,"column":52}},"66":{"start":{"line":113,"column":4},"end":{"line":113,"column":48}},"67":{"start":{"line":117,"column":0},"end":{"line":132,"column":3}},"68":{"start":{"line":118,"column":18},"end":{"line":118,"column":30}},"69":{"start":{"line":120,"column":2},"end":{"line":124,"column":3}},"70":{"start":{"line":121,"column":4},"end":{"line":123,"column":5}},"71":{"start":{"line":122,"column":6},"end":{"line":122,"column":256}},"72":{"start":{"line":126,"column":2},"end":{"line":131,"column":3}},"73":{"start":{"line":127,"column":15},"end":{"line":127,"column":63}},"74":{"start":{"line":128,"column":4},"end":{"line":128,"column":52}},"75":{"start":{"line":130,"column":4},"end":{"line":130,"column":48}},"76":{"start":{"line":134,"column":0},"end":{"line":176,"column":3}},"77":{"start":{"line":135,"column":17},"end":{"line":135,"column":31}},"78":{"start":{"line":136,"column":16},"end":{"line":136,"column":28}},"79":{"start":{"line":137,"column":20},"end":{"line":137,"column":38}},"80":{"start":{"line":139,"column":2},"end":{"line":141,"column":3}},"81":{"start":{"line":140,"column":4},"end":{"line":140,"column":100}},"82":{"start":{"line":143,"column":2},"end":{"line":147,"column":3}},"83":{"start":{"line":144,"column":4},"end":{"line":146,"column":5}},"84":{"start":{"line":145,"column":6},"end":{"line":145,"column":218}},"85":{"start":{"line":149,"column":2},"end":{"line":153,"column":3}},"86":{"start":{"line":149,"column":15},"end":{"line":149,"column":16}},"87":{"start":{"line":150,"column":4},"end":{"line":152,"column":5}},"88":{"start":{"line":151,"column":6},"end":{"line":151,"column":212}},"89":{"start":{"line":155,"column":2},"end":{"line":175,"column":3}},"90":{"start":{"line":156,"column":27},"end":{"line":156,"column":78}},"91":{"start":{"line":157,"column":4},"end":{"line":159,"column":5}},"92":{"start":{"line":158,"column":6},"end":{"line":158,"column":84}},"93":{"start":{"line":160,"column":27},"end":{"line":160,"column":88}},"94":{"start":{"line":161,"column":23},"end":{"line":171,"column":6}},"95":{"start":{"line":162,"column":26},"end":{"line":162,"column":46}},"96":{"start":{"line":163,"column":6},"end":{"line":170,"column":24}},"97":{"start":{"line":164,"column":8},"end":{"line":168,"column":9}},"98":{"start":{"line":165,"column":10},"end":{"line":165,"column":40}},"99":{"start":{"line":167,"column":10},"end":{"line":167,"column":34}},"100":{"start":{"line":169,"column":8},"end":{"line":169,"column":19}},"101":{"start":{"line":172,"column":4},"end":{"line":172,"column":52}},"102":{"start":{"line":174,"column":4},"end":{"line":174,"column":48}},"103":{"start":{"line":178,"column":0},"end":{"line":209,"column":3}},"104":{"start":{"line":179,"column":17},"end":{"line":179,"column":31}},"105":{"start":{"line":180,"column":16},"end":{"line":180,"column":28}},"106":{"start":{"line":181,"column":20},"end":{"line":181,"column":38}},"107":{"start":{"line":183,"column":2},"end":{"line":185,"column":3}},"108":{"start":{"line":184,"column":4},"end":{"line":184,"column":100}},"109":{"start":{"line":187,"column":2},"end":{"line":191,"column":3}},"110":{"start":{"line":188,"column":4},"end":{"line":190,"column":5}},"111":{"start":{"line":189,"column":6},"end":{"line":189,"column":131}},"112":{"start":{"line":193,"column":2},"end":{"line":197,"column":3}},"113":{"start":{"line":193,"column":15},"end":{"line":193,"column":16}},"114":{"start":{"line":194,"column":4},"end":{"line":196,"column":5}},"115":{"start":{"line":195,"column":6},"end":{"line":195,"column":124}},"116":{"start":{"line":199,"column":2},"end":{"line":208,"column":3}},"117":{"start":{"line":200,"column":27},"end":{"line":200,"column":78}},"118":{"start":{"line":201,"column":4},"end":{"line":203,"column":5}},"119":{"start":{"line":202,"column":6},"end":{"line":202,"column":84}},"120":{"start":{"line":204,"column":27},"end":{"line":204,"column":88}},"121":{"start":{"line":205,"column":4},"end":{"line":205,"column":56}},"122":{"start":{"line":207,"column":4},"end":{"line":207,"column":48}},"123":{"start":{"line":211,"column":0},"end":{"line":228,"column":3}},"124":{"start":{"line":212,"column":17},"end":{"line":212,"column":31}},"125":{"start":{"line":214,"column":2},"end":{"line":216,"column":3}},"126":{"start":{"line":215,"column":4},"end":{"line":215,"column":100}},"127":{"start":{"line":218,"column":2},"end":{"line":227,"column":3}},"128":{"start":{"line":219,"column":28},"end":{"line":219,"column":79}},"129":{"start":{"line":220,"column":4},"end":{"line":222,"column":5}},"130":{"start":{"line":221,"column":6},"end":{"line":221,"column":85}},"131":{"start":{"line":223,"column":17},"end":{"line":223,"column":65}},"132":{"start":{"line":224,"column":4},"end":{"line":224,"column":86}},"133":{"start":{"line":226,"column":4},"end":{"line":226,"column":48}},"134":{"start":{"line":230,"column":0},"end":{"line":247,"column":3}},"135":{"start":{"line":231,"column":17},"end":{"line":231,"column":31}},"136":{"start":{"line":233,"column":2},"end":{"line":235,"column":3}},"137":{"start":{"line":234,"column":4},"end":{"line":234,"column":100}},"138":{"start":{"line":237,"column":2},"end":{"line":246,"column":3}},"139":{"start":{"line":238,"column":28},"end":{"line":238,"column":79}},"140":{"start":{"line":239,"column":4},"end":{"line":241,"column":5}},"141":{"start":{"line":240,"column":6},"end":{"line":240,"column":85}},"142":{"start":{"line":242,"column":17},"end":{"line":242,"column":65}},"143":{"start":{"line":243,"column":4},"end":{"line":243,"column":86}},"144":{"start":{"line":245,"column":4},"end":{"line":245,"column":48}},"145":{"start":{"line":249,"column":0},"end":{"line":249,"column":21}}},"fnMap":{"0":{"name":"(anonymous_0)","decl":{"start":{"line":11,"column":13},"end":{"line":11,"column":14}},"loc":{"start":{"line":11,"column":36},"end":{"line":13,"column":1}},"line":11},"1":{"name":"(anonymous_1)","decl":{"start":{"line":15,"column":28},"end":{"line":15,"column":29}},"loc":{"start":{"line":15,"column":57},"end":{"line":22,"column":1}},"line":15},"2":{"name":"(anonymous_2)","decl":{"start":{"line":24,"column":32},"end":{"line":24,"column":33}},"loc":{"start":{"line":24,"column":61},"end":{"line":40,"column":1}},"line":24},"3":{"name":"(anonymous_3)","decl":{"start":{"line":42,"column":41},"end":{"line":42,"column":42}},"loc":{"start":{"line":42,"column":70},"end":{"line":69,"column":1}},"line":42},"4":{"name":"(anonymous_4)","decl":{"start":{"line":54,"column":37},"end":{"line":54,"column":38}},"loc":{"start":{"line":54,"column":48},"end":{"line":64,"column":5}},"line":54},"5":{"name":"(anonymous_5)","decl":{"start":{"line":56,"column":32},"end":{"line":56,"column":33}},"loc":{"start":{"line":56,"column":46},"end":{"line":63,"column":7}},"line":56},"6":{"name":"(anonymous_6)","decl":{"start":{"line":71,"column":32},"end":{"line":71,"column":33}},"loc":{"start":{"line":71,"column":61},"end":{"line":98,"column":1}},"line":71},"7":{"name":"(anonymous_7)","decl":{"start":{"line":83,"column":35},"end":{"line":83,"column":36}},"loc":{"start":{"line":83,"column":46},"end":{"line":93,"column":5}},"line":83},"8":{"name":"(anonymous_8)","decl":{"start":{"line":85,"column":32},"end":{"line":85,"column":33}},"loc":{"start":{"line":85,"column":46},"end":{"line":92,"column":7}},"line":85},"9":{"name":"(anonymous_9)","decl":{"start":{"line":100,"column":29},"end":{"line":100,"column":30}},"loc":{"start":{"line":100,"column":58},"end":{"line":115,"column":1}},"line":100},"10":{"name":"(anonymous_10)","decl":{"start":{"line":117,"column":29},"end":{"line":117,"column":30}},"loc":{"start":{"line":117,"column":58},"end":{"line":132,"column":1}},"line":117},"11":{"name":"(anonymous_11)","decl":{"start":{"line":134,"column":34},"end":{"line":134,"column":35}},"loc":{"start":{"line":134,"column":63},"end":{"line":176,"column":1}},"line":134},"12":{"name":"(anonymous_12)","decl":{"start":{"line":161,"column":42},"end":{"line":161,"column":43}},"loc":{"start":{"line":161,"column":53},"end":{"line":171,"column":5}},"line":161},"13":{"name":"(anonymous_13)","decl":{"start":{"line":163,"column":32},"end":{"line":163,"column":33}},"loc":{"start":{"line":163,"column":46},"end":{"line":170,"column":7}},"line":163},"14":{"name":"(anonymous_14)","decl":{"start":{"line":178,"column":34},"end":{"line":178,"column":35}},"loc":{"start":{"line":178,"column":63},"end":{"line":209,"column":1}},"line":178},"15":{"name":"(anonymous_15)","decl":{"start":{"line":211,"column":35},"end":{"line":211,"column":36}},"loc":{"start":{"line":211,"column":64},"end":{"line":228,"column":1}},"line":211},"16":{"name":"(anonymous_16)","decl":{"start":{"line":230,"column":35},"end":{"line":230,"column":36}},"loc":{"start":{"line":230,"column":64},"end":{"line":247,"column":1}},"line":230}},"branchMap":{"0":{"loc":{"start":{"line":4,"column":20},"end":{"line":4,"column":57}},"type":"binary-expr","locations":[{"start":{"line":4,"column":20},"end":{"line":4,"column":40}},{"start":{"line":4,"column":44},"end":{"line":4,"column":57}}],"line":4},"1":{"loc":{"start":{"line":27,"column":2},"end":{"line":29,"column":3}},"type":"if","locations":[{"start":{"line":27,"column":2},"end":{"line":29,"column":3}},{"start":{"line":27,"column":2},"end":{"line":29,"column":3}}],"line":27},"2":{"loc":{"start":{"line":33,"column":4},"end":{"line":35,"column":5}},"type":"if","locations":[{"start":{"line":33,"column":4},"end":{"line":35,"column":5}},{"start":{"line":33,"column":4},"end":{"line":35,"column":5}}],"line":33},"3":{"loc":{"start":{"line":45,"column":2},"end":{"line":47,"column":3}},"type":"if","locations":[{"start":{"line":45,"column":2},"end":{"line":47,"column":3}},{"start":{"line":45,"column":2},"end":{"line":47,"column":3}}],"line":45},"4":{"loc":{"start":{"line":51,"column":4},"end":{"line":53,"column":5}},"type":"if","locations":[{"start":{"line":51,"column":4},"end":{"line":53,"column":5}},{"start":{"line":51,"column":4},"end":{"line":53,"column":5}}],"line":51},"5":{"loc":{"start":{"line":57,"column":8},"end":{"line":61,"column":9}},"type":"if","locations":[{"start":{"line":57,"column":8},"end":{"line":61,"column":9}},{"start":{"line":57,"column":8},"end":{"line":61,"column":9}}],"line":57},"6":{"loc":{"start":{"line":74,"column":2},"end":{"line":76,"column":3}},"type":"if","locations":[{"start":{"line":74,"column":2},"end":{"line":76,"column":3}},{"start":{"line":74,"column":2},"end":{"line":76,"column":3}}],"line":74},"7":{"loc":{"start":{"line":80,"column":4},"end":{"line":82,"column":5}},"type":"if","locations":[{"start":{"line":80,"column":4},"end":{"line":82,"column":5}},{"start":{"line":80,"column":4},"end":{"line":82,"column":5}}],"line":80},"8":{"loc":{"start":{"line":86,"column":8},"end":{"line":90,"column":9}},"type":"if","locations":[{"start":{"line":86,"column":8},"end":{"line":90,"column":9}},{"start":{"line":86,"column":8},"end":{"line":90,"column":9}}],"line":86},"9":{"loc":{"start":{"line":104,"column":4},"end":{"line":106,"column":5}},"type":"if","locations":[{"start":{"line":104,"column":4},"end":{"line":106,"column":5}},{"start":{"line":104,"column":4},"end":{"line":106,"column":5}}],"line":104},"10":{"loc":{"start":{"line":121,"column":4},"end":{"line":123,"column":5}},"type":"if","locations":[{"start":{"line":121,"column":4},"end":{"line":123,"column":5}},{"start":{"line":121,"column":4},"end":{"line":123,"column":5}}],"line":121},"11":{"loc":{"start":{"line":139,"column":2},"end":{"line":141,"column":3}},"type":"if","locations":[{"start":{"line":139,"column":2},"end":{"line":141,"column":3}},{"start":{"line":139,"column":2},"end":{"line":141,"column":3}}],"line":139},"12":{"loc":{"start":{"line":144,"column":4},"end":{"line":146,"column":5}},"type":"if","locations":[{"start":{"line":144,"column":4},"end":{"line":146,"column":5}},{"start":{"line":144,"column":4},"end":{"line":146,"column":5}}],"line":144},"13":{"loc":{"start":{"line":150,"column":4},"end":{"line":152,"column":5}},"type":"if","locations":[{"start":{"line":150,"column":4},"end":{"line":152,"column":5}},{"start":{"line":150,"column":4},"end":{"line":152,"column":5}}],"line":150},"14":{"loc":{"start":{"line":150,"column":7},"end":{"line":150,"column":167}},"type":"binary-expr","locations":[{"start":{"line":150,"column":7},"end":{"line":150,"column":35}},{"start":{"line":150,"column":39},"end":{"line":150,"column":67}},{"start":{"line":150,"column":71},"end":{"line":150,"column":101}},{"start":{"line":150,"column":105},"end":{"line":150,"column":134}},{"start":{"line":150,"column":138},"end":{"line":150,"column":167}}],"line":150},"15":{"loc":{"start":{"line":157,"column":4},"end":{"line":159,"column":5}},"type":"if","locations":[{"start":{"line":157,"column":4},"end":{"line":159,"column":5}},{"start":{"line":157,"column":4},"end":{"line":159,"column":5}}],"line":157},"16":{"loc":{"start":{"line":164,"column":8},"end":{"line":168,"column":9}},"type":"if","locations":[{"start":{"line":164,"column":8},"end":{"line":168,"column":9}},{"start":{"line":164,"column":8},"end":{"line":168,"column":9}}],"line":164},"17":{"loc":{"start":{"line":183,"column":2},"end":{"line":185,"column":3}},"type":"if","locations":[{"start":{"line":183,"column":2},"end":{"line":185,"column":3}},{"start":{"line":183,"column":2},"end":{"line":185,"column":3}}],"line":183},"18":{"loc":{"start":{"line":188,"column":4},"end":{"line":190,"column":5}},"type":"if","locations":[{"start":{"line":188,"column":4},"end":{"line":190,"column":5}},{"start":{"line":188,"column":4},"end":{"line":190,"column":5}}],"line":188},"19":{"loc":{"start":{"line":194,"column":4},"end":{"line":196,"column":5}},"type":"if","locations":[{"start":{"line":194,"column":4},"end":{"line":196,"column":5}},{"start":{"line":194,"column":4},"end":{"line":196,"column":5}}],"line":194},"20":{"loc":{"start":{"line":201,"column":4},"end":{"line":203,"column":5}},"type":"if","locations":[{"start":{"line":201,"column":4},"end":{"line":203,"column":5}},{"start":{"line":201,"column":4},"end":{"line":203,"column":5}}],"line":201},"21":{"loc":{"start":{"line":214,"column":2},"end":{"line":216,"column":3}},"type":"if","locations":[{"start":{"line":214,"column":2},"end":{"line":216,"column":3}},{"start":{"line":214,"column":2},"end":{"line":216,"column":3}}],"line":214},"22":{"loc":{"start":{"line":220,"column":4},"end":{"line":222,"column":5}},"type":"if","locations":[{"start":{"line":220,"column":4},"end":{"line":222,"column":5}},{"start":{"line":220,"column":4},"end":{"line":222,"column":5}}],"line":220},"23":{"loc":{"start":{"line":233,"column":2},"end":{"line":235,"column":3}},"type":"if","locations":[{"start":{"line":233,"column":2},"end":{"line":235,"column":3}},{"start":{"line":233,"column":2},"end":{"line":235,"column":3}}],"line":233},"24":{"loc":{"start":{"line":239,"column":4},"end":{"line":241,"column":5}},"type":"if","locations":[{"start":{"line":239,"column":4},"end":{"line":241,"column":5}},{"start":{"line":239,"column":4},"end":{"line":241,"column":5}}],"line":239}},"s":{"0":1,"1":1,"2":1,"3":1,"4":1,"5":1,"6":1,"7":1,"8":1,"9":1,"10":1,"11":1,"12":1,"13":0,"14":1,"15":3,"16":3,"17":1,"18":2,"19":2,"20":2,"21":1,"22":1,"23":0,"24":1,"25":3,"26":3,"27":1,"28":2,"29":2,"30":2,"31":1,"32":1,"33":2,"34":2,"35":20,"36":10,"37":10,"38":20,"39":1,"40":0,"41":1,"42":3,"43":3,"44":1,"45":2,"46":2,"47":2,"48":1,"49":1,"50":1,"51":1,"52":10,"53":5,"54":5,"55":10,"56":1,"57":0,"58":1,"59":2,"60":2,"61":2,"62":1,"63":1,"64":1,"65":1,"66":0,"67":1,"68":2,"69":2,"70":9,"71":1,"72":1,"73":1,"74":1,"75":0,"76":1,"77":5,"78":5,"79":5,"80":5,"81":1,"82":4,"83":16,"84":1,"85":3,"86":3,"87":11,"88":1,"89":2,"90":2,"91":2,"92":1,"93":1,"94":1,"95":1,"96":1,"97":10,"98":5,"99":5,"100":10,"101":1,"102":0,"103":1,"104":5,"105":5,"106":5,"107":5,"108":1,"109":4,"110":4,"111":1,"112":3,"113":3,"114":4,"115":1,"116":2,"117":2,"118":2,"119":1,"120":1,"121":1,"122":0,"123":1,"124":3,"125":3,"126":1,"127":2,"128":2,"129":2,"130":1,"131":1,"132":1,"133":0,"134":1,"135":3,"136":3,"137":1,"138":2,"139":2,"140":2,"141":1,"142":1,"143":1,"144":0,"145":1},"f":{"0":1,"1":1,"2":3,"3":3,"4":2,"5":20,"6":3,"7":1,"8":10,"9":2,"10":2,"11":5,"12":1,"13":10,"14":5,"15":3,"16":3},"b":{"0":[1,0],"1":[1,2],"2":[1,1],"3":[1,2],"4":[1,1],"5":[10,10],"6":[1,2],"7":[1,1],"8":[5,5],"9":[1,1],"10":[1,8],"11":[1,4],"12":[1,15],"13":[1,10],"14":[11,9,7,5,3],"15":[1,1],"16":[5,5],"17":[1,4],"18":[1,3],"19":[1,3],"20":[1,1],"21":[1,2],"22":[1,1],"23":[1,2],"24":[1,1]},"_coverageSchema":"1a1c01bbd47fc00a2c39e90264f33305004495a9","hash":"6d84c6236ccb2af374021c316cb75f8b6dde9063"}
,"/Users/garrettiannuzzi/palette-picker/knexfile.js": {"path":"/Users/garrettiannuzzi/palette-picker/knexfile.js","statementMap":{"0":{"start":{"line":3,"column":0},"end":{"line":26,"column":4}}},"fnMap":{},"branchMap":{},"s":{"0":1},"f":{},"b":{},"_coverageSchema":"1a1c01bbd47fc00a2c39e90264f33305004495a9","hash":"359679f5f7ad627c61a0c117f64e2d1d017c9b71"}
,"/Users/garrettiannuzzi/palette-picker/db/seeds/test/palettepicker.js": {"path":"/Users/garrettiannuzzi/palette-picker/db/seeds/test/palettepicker.js","statementMap":{"0":{"start":{"line":2,"column":0},"end":{"line":33,"column":2}},"1":{"start":{"line":3,"column":2},"end":{"line":32,"column":3}},"2":{"start":{"line":4,"column":4},"end":{"line":4,"column":32}},"3":{"start":{"line":5,"column":4},"end":{"line":5,"column":32}},"4":{"start":{"line":7,"column":22},"end":{"line":9,"column":12}},"5":{"start":{"line":10,"column":4},"end":{"line":29,"column":6}},"6":{"start":{"line":31,"column":4},"end":{"line":31,"column":38}}},"fnMap":{"0":{"name":"(anonymous_0)","decl":{"start":{"line":2,"column":15},"end":{"line":2,"column":16}},"loc":{"start":{"line":2,"column":31},"end":{"line":33,"column":1}},"line":2}},"branchMap":{},"s":{"0":1,"1":31,"2":31,"3":31,"4":31,"5":31,"6":0},"f":{"0":31},"b":{},"_coverageSchema":"1a1c01bbd47fc00a2c39e90264f33305004495a9","hash":"4a8726d76ea998dbaca08b667eae746dc187786b"}
}
