TN:
SF:app.js
FN:11,(anonymous_0)
FN:15,(anonymous_1)
FN:24,(anonymous_2)
FN:42,(anonymous_3)
FN:54,(anonymous_4)
FN:56,(anonymous_5)
FN:71,(anonymous_6)
FN:83,(anonymous_7)
FN:85,(anonymous_8)
FN:100,(anonymous_9)
FN:117,(anonymous_10)
FN:134,(anonymous_11)
FN:161,(anonymous_12)
FN:163,(anonymous_13)
FN:178,(anonymous_14)
FN:211,(anonymous_15)
FN:230,(anonymous_16)
FNF:17
FNH:17
FNDA:1,(anonymous_0)
FNDA:1,(anonymous_1)
FNDA:3,(anonymous_2)
FNDA:3,(anonymous_3)
FNDA:2,(anonymous_4)
FNDA:20,(anonymous_5)
FNDA:3,(anonymous_6)
FNDA:1,(anonymous_7)
FNDA:10,(anonymous_8)
FNDA:2,(anonymous_9)
FNDA:2,(anonymous_10)
FNDA:5,(anonymous_11)
FNDA:1,(anonymous_12)
FNDA:10,(anonymous_13)
FNDA:5,(anonymous_14)
FNDA:3,(anonymous_15)
FNDA:3,(anonymous_16)
DA:1,1
DA:2,1
DA:4,1
DA:5,1
DA:6,1
DA:8,1
DA:9,1
DA:11,1
DA:12,1
DA:15,1
DA:16,1
DA:17,1
DA:18,1
DA:20,0
DA:24,1
DA:25,3
DA:27,3
DA:28,1
DA:31,2
DA:32,2
DA:33,2
DA:34,1
DA:36,1
DA:38,0
DA:42,1
DA:43,3
DA:45,3
DA:46,1
DA:49,2
DA:50,2
DA:51,2
DA:52,1
DA:54,1
DA:55,2
DA:56,2
DA:57,20
DA:58,10
DA:60,10
DA:62,20
DA:65,1
DA:67,0
DA:71,1
DA:72,3
DA:74,3
DA:75,1
DA:78,2
DA:79,2
DA:80,2
DA:81,1
DA:83,1
DA:84,1
DA:85,1
DA:86,10
DA:87,5
DA:89,5
DA:91,10
DA:94,1
DA:96,0
DA:100,1
DA:101,2
DA:103,2
DA:104,2
DA:105,1
DA:109,1
DA:110,1
DA:111,1
DA:113,0
DA:117,1
DA:118,2
DA:120,2
DA:121,9
DA:122,1
DA:126,1
DA:127,1
DA:128,1
DA:130,0
DA:134,1
DA:135,5
DA:136,5
DA:137,5
DA:139,5
DA:140,1
DA:143,4
DA:144,16
DA:145,1
DA:149,3
DA:150,11
DA:151,1
DA:155,2
DA:156,2
DA:157,2
DA:158,1
DA:160,1
DA:161,1
DA:162,1
DA:163,1
DA:164,10
DA:165,5
DA:167,5
DA:169,10
DA:172,1
DA:174,0
DA:178,1
DA:179,5
DA:180,5
DA:181,5
DA:183,5
DA:184,1
DA:187,4
DA:188,4
DA:189,1
DA:193,3
DA:194,4
DA:195,1
DA:199,2
DA:200,2
DA:201,2
DA:202,1
DA:204,1
DA:205,1
DA:207,0
DA:211,1
DA:212,3
DA:214,3
DA:215,1
DA:218,2
DA:219,2
DA:220,2
DA:221,1
DA:223,1
DA:224,1
DA:226,0
DA:230,1
DA:231,3
DA:233,3
DA:234,1
DA:237,2
DA:238,2
DA:239,2
DA:240,1
DA:242,1
DA:243,1
DA:245,0
DA:249,1
LF:144
LH:134
BRDA:4,0,0,1
BRDA:4,0,1,0
BRDA:27,1,0,1
BRDA:27,1,1,2
BRDA:33,2,0,1
BRDA:33,2,1,1
BRDA:45,3,0,1
BRDA:45,3,1,2
BRDA:51,4,0,1
BRDA:51,4,1,1
BRDA:57,5,0,10
BRDA:57,5,1,10
BRDA:74,6,0,1
BRDA:74,6,1,2
BRDA:80,7,0,1
BRDA:80,7,1,1
BRDA:86,8,0,5
BRDA:86,8,1,5
BRDA:104,9,0,1
BRDA:104,9,1,1
BRDA:121,10,0,1
BRDA:121,10,1,8
BRDA:139,11,0,1
BRDA:139,11,1,4
BRDA:144,12,0,1
BRDA:144,12,1,15
BRDA:150,13,0,1
BRDA:150,13,1,10
BRDA:150,14,0,11
BRDA:150,14,1,9
BRDA:150,14,2,7
BRDA:150,14,3,5
BRDA:150,14,4,3
BRDA:157,15,0,1
BRDA:157,15,1,1
BRDA:164,16,0,5
BRDA:164,16,1,5
BRDA:183,17,0,1
BRDA:183,17,1,4
BRDA:188,18,0,1
BRDA:188,18,1,3
BRDA:194,19,0,1
BRDA:194,19,1,3
BRDA:201,20,0,1
BRDA:201,20,1,1
BRDA:214,21,0,1
BRDA:214,21,1,2
BRDA:220,22,0,1
BRDA:220,22,1,1
BRDA:233,23,0,1
BRDA:233,23,1,2
BRDA:239,24,0,1
BRDA:239,24,1,1
BRF:53
BRH:52
end_of_record
TN:
SF:knexfile.js
FNF:0
FNH:0
DA:3,1
LF:1
LH:1
BRF:0
BRH:0
end_of_record
TN:
SF:db/seeds/test/palettepicker.js
FN:2,(anonymous_0)
FNF:1
FNH:1
FNDA:31,(anonymous_0)
DA:2,1
DA:3,31
DA:4,31
DA:5,31
DA:7,31
DA:10,31
DA:31,0
LF:7
LH:6
BRF:0
BRH:0
end_of_record
